<?xml version="1.0" encoding="UTF-8"?>
<!-- Generated by org.testng.reporters.JUnitXMLReporter -->
<testsuite hostname="NSWS005" ignored="0" name="Headless Browser Chrome" tests="1" failures="1" timestamp="2019-12-03T16:27:16 IST" time="26.098" errors="0">
  <testcase name="TC_01_Login_001" time="11.587" classname="com.kreatocrm.testCases.TS_Login_001">
    <failure type="java.lang.AssertionError" message="did not expect to find [true] but found [false]">
      <![CDATA[java.lang.AssertionError: did not expect to find [true] but found [false]
at com.kreatocrm.testCases.TS_Login_001.TC_01_Login_001(TS_Login_001.java:43)
at java.util.ArrayList.forEach(ArrayList.java:1234)
... Removed 32 stack frames]]>
    </failure>
  </testcase> <!-- TC_01_Login_001 -->
</testsuite> <!-- Headless Browser Chrome -->
