<?xml version="1.0" encoding="UTF-8"?>
<!-- Generated by org.testng.reporters.JUnitXMLReporter -->
<testsuite hostname="NSWS005" ignored="0" name="Headless Browser Firefox" tests="1" failures="0" timestamp="2019-11-29T15:18:33 IST" time="0.076" errors="0">
  <testcase name="@BeforeClass setup" time="0.053" classname="com.kreatocrm.testCases.BaseClass">
    <failure type="org.openqa.selenium.WebDriverException" message="Cannot find firefox binary in PATH. Make sure firefox is installed. OS appears to be: VISTA
Build info: version: &amp;apos;4.0.0-alpha-2&amp;apos;, revision: &amp;apos;f148142cf8&amp;apos;, time: &amp;apos;2019-07-01T20:55:26&amp;apos;
System info: host: &amp;apos;NSWS005&amp;apos;, ip: &amp;apos;192.168.0.15&amp;apos;, os.name: &amp;apos;Windows 7&amp;apos;, os.arch: &amp;apos;x86&amp;apos;, os.version: &amp;apos;6.1&amp;apos;, java.version: &amp;apos;1.8.0&amp;apos;
Driver info: driver.version: FirefoxDriver">
      <![CDATA[org.openqa.selenium.WebDriverException: Cannot find firefox binary in PATH. Make sure firefox is installed. OS appears to be: VISTA
Build info: version: '4.0.0-alpha-2', revision: 'f148142cf8', time: '2019-07-01T20:55:26'
System info: host: 'NSWS005', ip: '192.168.0.15', os.name: 'Windows 7', os.arch: 'x86', os.version: '6.1', java.version: '1.8.0'
Driver info: driver.version: FirefoxDriver
at org.openqa.selenium.firefox.FirefoxBinary.<init>(FirefoxBinary.java:99)
at org.openqa.selenium.firefox.FirefoxOptions$$Lambda$303/28153725.get(Unknown Source)
at java.util.Optional.orElseGet(Optional.java:267)
at org.openqa.selenium.firefox.FirefoxOptions.getBinary(FirefoxOptions.java:210)
at org.openqa.selenium.firefox.GeckoDriverService$Builder.withOptions(GeckoDriverService.java:159)
at org.openqa.selenium.firefox.FirefoxDriver.toExecutor(FirefoxDriver.java:181)
at org.openqa.selenium.firefox.FirefoxDriver.<init>(FirefoxDriver.java:154)
at com.kreatocrm.testCases.BaseClass.setup(BaseClass.java:87)
at java.util.ArrayList.forEach(ArrayList.java:1234)
... Removed 26 stack frames]]>
    </failure>
  </testcase> <!-- @BeforeClass setup -->
  <testcase name="@AfterClass teardown" time="-1.575020913845E9" classname="com.kreatocrm.testCases.BaseClass">
    <skipped/>
  </testcase> <!-- @AfterClass teardown -->
  <testcase name="TC_01_Login_001" time="0.0" classname="com.kreatocrm.testCases.TS_Login_001">
    <skipped/>
  </testcase> <!-- TC_01_Login_001 -->
</testsuite> <!-- Headless Browser Firefox -->
