<?xml version="1.0" encoding="UTF-8"?>
<!-- Generated by org.testng.reporters.JUnitXMLReporter -->
<testsuite hostname="NSWS005" ignored="0" name="Login Page" tests="1" failures="1" timestamp="2019-11-29T16:48:11 IST" time="12.197" errors="0">
  <testcase name="TC_01_Login_001" time="4.477" classname="com.kreatocrm.testCases.TS_Login_001">
    <failure type="java.lang.AssertionError" message="did not expect to find [true] but found [false]">
      <![CDATA[java.lang.AssertionError: did not expect to find [true] but found [false]
at com.kreatocrm.testCases.TS_Login_001.TC_01_Login_001(TS_Login_001.java:41)
at java.util.ArrayList.forEach(ArrayList.java:1234)
... Removed 32 stack frames]]>
    </failure>
  </testcase> <!-- TC_01_Login_001 -->
</testsuite> <!-- Login Page -->
